{
  "RSpec": {
    "coverage": {
      "/home/HopeDolo/tic-tac-toe-rb-v-000/lib/tic_tac_toe.rb": [
        null,
        1,
        null,
        null,
        null,
        null,
        null,
        null,
        null,
        null,
        null,
        1,
        4,
        4,
        4,
        4,
        4,
        null,
        null,
        1,
        6,
        null,
        null,
        1,
        5,
        null,
        null,
        1,
        10,
        null,
        null,
        1,
        6,
        null,
        null,
        1,
        3,
        null,
        null,
        1,
        4,
        4,
        36,
        5,
        null,
        null,
        4,
        null,
        null,
        1,
        3,
        3,
        3,
        3,
        2,
        2,
        null,
        1,
        null,
        null,
        null,
        1,
        4,
        null,
        30,
        30,
        30,
        null,
        30,
        30,
        30,
        null,
        30,
        null,
        1,
        null,
        null,
        null,
        3,
        3,
        0,
        null,
        null,
        null,
        null,
        1,
        3,
        20,
        19,
        null,
        null,
        null,
        null,
        1,
        2,
        1,
        1,
        1,
        null,
        0,
        null,
        null
      ]
    },
    "timestamp": 1567435824
  }
}
