{
  "RSpec": {
    "coverage": {
      "/home/HopeDolo/tic-tac-toe-rb-v-000/lib/tic_tac_toe.rb": [
        null,
        1,
        null,
        null,
        null,
        null,
        null,
        null,
        null,
        null,
        null,
        1,
        21,
        21,
        21,
        21,
        21,
        null,
        null,
        1,
        20,
        null,
        null,
        1,
        19,
        null,
        null,
        1,
        24,
        null,
        null,
        1,
        20,
        null,
        null,
        1,
        17,
        null,
        null,
        1,
        18,
        18,
        162,
        28,
        null,
        null,
        18,
        null,
        null,
        1,
        17,
        17,
        17,
        17,
        16,
        16,
        null,
        1,
        null,
        null,
        null,
        1,
        92,
        null,
        637,
        637,
        637,
        null,
        637,
        637,
        637,
        null,
        637,
        null,
        39,
        null,
        null,
        null,
        53,
        53,
        7,
        null,
        null,
        null,
        null,
        1,
        45,
        185,
        148,
        null,
        null,
        null,
        null,
        1,
        22,
        7,
        15,
        12,
        null,
        3,
        null,
        null,
        null,
        1,
        21,
        null,
        null,
        1,
        7,
        null,
        26,
        26,
        26,
        null,
        26,
        26,
        26,
        null,
        26,
        1,
        null,
        null,
        25,
        4,
        null,
        null,
        21,
        2,
        null,
        null,
        null,
        null,
        1,
        12,
        17,
        null,
        12,
        5,
        7,
        3,
        null,
        null
      ]
    },
    "timestamp": 1567436913
  }
}
